TN:
SF:src/callback/TokenCallbackHandler.sol
FN:20,TokenCallbackHandler.tokensReceived
FNDA:0,TokenCallbackHandler.tokensReceived
FN:29,TokenCallbackHandler.onERC721Received
FNDA:0,TokenCallbackHandler.onERC721Received
DA:35,0
FN:38,TokenCallbackHandler.onERC1155Received
FNDA:0,TokenCallbackHandler.onERC1155Received
DA:45,0
FN:48,TokenCallbackHandler.onERC1155BatchReceived
FNDA:0,TokenCallbackHandler.onERC1155BatchReceived
DA:55,0
FN:58,TokenCallbackHandler.supportsInterface
FNDA:0,TokenCallbackHandler.supportsInterface
DA:61,0
DA:62,0
DA:63,0
DA:64,0
FNF:5
FNH:0
LF:7
LH:0
BRF:0
BRH:0
end_of_record
TN:
SF:src/helpers/UserOperationHelper.sol
FN:14,CustomUserOperationLib.getSender
FNDA:0,CustomUserOperationLib.getSender
DA:15,0
DA:18,0
DA:20,0
FN:25,CustomUserOperationLib.gasPrice
FNDA:0,CustomUserOperationLib.gasPrice
DA:27,0
DA:28,0
DA:29,0
BRDA:29,0,0,-
BRDA:29,0,1,-
DA:31,0
DA:33,0
FN:37,CustomUserOperationLib.pack
FNDA:0,CustomUserOperationLib.pack
DA:38,0
DA:39,0
DA:40,0
DA:41,0
DA:42,0
DA:43,0
DA:44,0
DA:45,0
DA:46,0
DA:47,0
DA:49,0
FN:63,CustomUserOperationLib.packWithoutNonce
FNDA:0,CustomUserOperationLib.packWithoutNonce
DA:64,0
DA:65,0
DA:66,0
DA:67,0
DA:68,0
DA:69,0
DA:70,0
DA:71,0
DA:72,0
DA:74,0
FN:87,CustomUserOperationLib.hash
FNDA:0,CustomUserOperationLib.hash
DA:88,0
FN:91,CustomUserOperationLib.hashWithoutNonce
FNDA:0,CustomUserOperationLib.hashWithoutNonce
DA:92,0
FN:95,CustomUserOperationLib.min
FNDA:0,CustomUserOperationLib.min
DA:96,0
FNF:7
FNH:0
LF:32
LH:0
BRF:2
BRH:0
end_of_record
TN:
SF:src/registry/EpochRegistry.sol
FN:38,EpochRegistry.addTask
FNDA:7,EpochRegistry.addTask
DA:46,7
BRDA:46,0,0,-
BRDA:46,0,1,7
DA:50,7
BRDA:50,1,0,-
BRDA:50,1,1,2
DA:51,2
BRDA:51,2,0,-
BRDA:51,2,1,2
DA:52,2
BRDA:52,3,0,-
BRDA:52,3,1,2
DA:54,5
BRDA:54,4,0,-
BRDA:54,4,1,5
DA:56,7
DA:66,7
DA:67,7
BRDA:67,5,0,5
BRDA:67,5,1,2
DA:68,5
DA:69,5
DA:70,5
DA:71,5
DA:72,2
BRDA:72,6,0,-
BRDA:72,6,1,2
DA:73,2
DA:74,2
DA:75,2
DA:76,2
DA:78,7
BRDA:78,7,0,1
BRDA:78,7,1,7
DA:79,1
DA:80,1
DA:81,1
DA:83,1
DA:85,7
DA:86,7
DA:87,7
DA:88,7
FN:91,EpochRegistry.verifyTransaction
FNDA:0,EpochRegistry.verifyTransaction
DA:92,0
BRDA:92,8,0,-
BRDA:92,8,1,-
DA:93,0
DA:94,0
DA:95,0
DA:96,0
DA:97,0
BRDA:97,9,0,-
BRDA:97,9,1,-
DA:98,0
DA:99,0
BRDA:99,10,0,-
BRDA:99,10,1,-
DA:100,0
BRDA:100,11,0,-
BRDA:100,11,1,-
DA:101,0
DA:102,0
DA:103,0
BRDA:103,12,0,-
BRDA:103,12,1,-
DA:108,0
BRDA:108,13,0,-
BRDA:108,13,1,-
DA:109,0
DA:111,0
BRDA:111,14,0,-
BRDA:111,14,1,-
DA:114,0
BRDA:114,15,0,-
BRDA:114,15,1,-
DA:115,0
DA:116,0
BRDA:116,16,0,-
BRDA:116,16,1,-
DA:117,0
BRDA:117,17,0,-
BRDA:117,17,1,-
DA:118,0
BRDA:118,18,0,-
BRDA:118,18,1,-
DA:119,0
DA:120,0
DA:121,0
BRDA:121,19,0,-
BRDA:121,19,1,-
DA:124,0
FN:127,EpochRegistry._checkOnChainCondition
FNDA:0,EpochRegistry._checkOnChainCondition
DA:128,0
DA:129,0
BRDA:129,20,0,-
BRDA:129,20,1,-
DA:130,0
FN:133,EpochRegistry.processTransaction
FNDA:4,EpochRegistry.processTransaction
DA:137,4
BRDA:137,21,0,-
BRDA:137,21,1,4
DA:138,4
BRDA:138,22,0,-
BRDA:138,22,1,4
DA:140,4
DA:141,4
DA:143,4
BRDA:143,23,0,-
BRDA:143,23,1,-
DA:144,1
DA:145,1
DA:147,4
DA:148,4
DA:149,4
DA:152,4
DA:153,4
FN:156,EpochRegistry._fetchData
FNDA:1,EpochRegistry._fetchData
DA:157,1
DA:158,1
BRDA:158,24,0,-
BRDA:158,24,1,1
DA:159,1
DA:160,1
DA:161,1
DA:162,1
FN:165,EpochRegistry.processBatchTransaction
FNDA:2,EpochRegistry.processBatchTransaction
DA:171,2
BRDA:171,25,0,-
BRDA:171,25,1,2
DA:172,2
BRDA:172,26,0,-
BRDA:172,26,1,2
DA:174,2
DA:175,2
DA:176,2
DA:177,2
DA:181,2
DA:182,2
FNF:6
FNH:4
LF:79
LH:52
BRF:54
BRH:15
end_of_record
TN:
SF:src/registry/conditions/DummyChecker.sol
FN:7,DummyChecker.checkCondition
FNDA:0,DummyChecker.checkCondition
DA:8,0
FNF:1
FNH:0
LF:1
LH:0
BRF:0
BRH:0
end_of_record
TN:
SF:src/registry/conditions/EqualityChecker.sol
FN:7,EqualityChecker.checkCondition
FNDA:2,EqualityChecker.checkCondition
DA:8,2
FNF:1
FNH:1
LF:1
LH:1
BRF:0
BRH:0
end_of_record
TN:
SF:src/registry/conditions/UintGreaterThanChecker.sol
FN:7,UintGreaterThanEqualToConditionChecker.checkCondition
FNDA:6,UintGreaterThanEqualToConditionChecker.checkCondition
DA:8,6
DA:9,6
DA:10,6
FNF:1
FNH:1
LF:3
LH:3
BRF:0
BRH:0
end_of_record
TN:
SF:src/registry/conditions/UintLessThanChecker.sol
FN:7,UintLessThanEqualToConditionChecker.checkCondition
FNDA:0,UintLessThanEqualToConditionChecker.checkCondition
DA:8,0
DA:9,0
DA:10,0
FNF:1
FNH:0
LF:3
LH:0
BRF:0
BRH:0
end_of_record
TN:
SF:src/wallet/EpochWallet.sol
FN:43,EpochWallet.entryPoint
FNDA:0,EpochWallet.entryPoint
DA:44,18
FN:47,EpochWallet.epochRegistry
FNDA:1,EpochWallet.epochRegistry
DA:48,1
FN:59,EpochWallet._onlyOwner
FNDA:0,EpochWallet._onlyOwner
DA:61,0
BRDA:61,0,0,-
BRDA:61,0,1,-
FN:67,EpochWallet.execute
FNDA:2,EpochWallet.execute
DA:68,2
DA:69,1
FN:75,EpochWallet.executeEpoch
FNDA:4,EpochWallet.executeEpoch
DA:76,4
DA:78,4
DA:79,4
DA:80,4
DA:81,4
DA:82,4
FN:88,EpochWallet.executeBatch
FNDA:0,EpochWallet.executeBatch
DA:89,0
DA:91,0
BRDA:91,1,0,-
BRDA:91,1,1,-
DA:92,0
DA:93,0
FN:100,EpochWallet.executeBatchEpoch
FNDA:2,EpochWallet.executeBatchEpoch
DA:106,2
DA:107,2
BRDA:107,2,0,-
BRDA:107,2,1,2
DA:108,2
DA:109,2
DA:110,2
DA:112,2
DA:113,3
DA:115,2
FN:123,EpochWallet.initialize
FNDA:5,EpochWallet.initialize
DA:124,5
FN:127,EpochWallet._initialize
FNDA:5,EpochWallet._initialize
DA:128,5
DA:129,5
DA:130,5
FN:134,EpochWallet._requireFromEntryPointOrOwner
FNDA:5,EpochWallet._requireFromEntryPointOrOwner
DA:135,5
BRDA:135,3,0,1
BRDA:135,3,1,4
FN:139,EpochWallet._requireEpochVerification
FNDA:6,EpochWallet._requireEpochVerification
DA:140,6
BRDA:140,4,0,-
BRDA:140,4,1,6
FN:144,EpochWallet._validateSignature
FNDA:8,EpochWallet._validateSignature
DA:150,8
DA:152,8
BRDA:152,5,0,-
BRDA:152,5,1,-
DA:153,0
DA:154,0
DA:155,0
DA:156,0
BRDA:156,6,0,-
BRDA:156,6,1,-
DA:157,0
DA:158,0
BRDA:158,7,0,-
BRDA:158,7,1,-
DA:159,0
DA:161,0
DA:163,0
DA:164,0
BRDA:164,8,0,-
BRDA:164,8,1,-
DA:165,0
DA:167,8
DA:168,8
DA:169,8
BRDA:169,9,0,1
BRDA:169,9,1,7
DA:170,7
FN:174,EpochWallet._call
FNDA:8,EpochWallet._call
DA:175,8
DA:176,8
BRDA:176,10,0,-
BRDA:176,10,1,8
FN:186,EpochWallet.getDeposit
FNDA:0,EpochWallet.getDeposit
DA:187,0
FN:193,EpochWallet.addDeposit
FNDA:0,EpochWallet.addDeposit
DA:194,0
FN:202,EpochWallet.withdrawDepositTo
FNDA:0,EpochWallet.withdrawDepositTo
DA:203,0
FN:206,EpochWallet._authorizeUpgrade
FNDA:0,EpochWallet._authorizeUpgrade
DA:208,0
FN:211,EpochWallet.updateRegistry
FNDA:1,EpochWallet.updateRegistry
DA:212,1
DA:213,1
BRDA:213,11,0,-
BRDA:213,11,1,1
DA:214,1
DA:215,1
FNF:18
FNH:11
LF:56
LH:36
BRF:24
BRH:8
end_of_record
TN:
SF:src/wallet/EpochWalletFactory.sol
FN:36,EpochWalletFactory.createAccount
FNDA:5,EpochWalletFactory.createAccount
DA:37,5
DA:38,5
DA:39,5
BRDA:39,0,0,-
BRDA:39,0,1,5
DA:40,0
DA:42,5
DA:53,5
FN:59,EpochWalletFactory.getAddress
FNDA:0,EpochWalletFactory.getAddress
DA:60,5
FN:73,EpochWalletFactory.updateRegistry
FNDA:0,EpochWalletFactory.updateRegistry
DA:74,0
BRDA:74,1,0,-
BRDA:74,1,1,-
DA:75,0
FNF:3
FNH:1
LF:9
LH:6
BRF:4
BRH:1
end_of_record
TN:
SF:test/DummyData.sol
FN:5,DummyData.returnDummyData
FNDA:1,DummyData.returnDummyData
DA:6,1
FNF:1
FNH:1
LF:1
LH:1
BRF:0
BRH:0
end_of_record
