TN:
SF:src/callback/TokenCallbackHandler.sol
FN:20,TokenCallbackHandler.tokensReceived
FNDA:0,TokenCallbackHandler.tokensReceived
FN:29,TokenCallbackHandler.onERC721Received
FNDA:0,TokenCallbackHandler.onERC721Received
DA:35,0
FN:38,TokenCallbackHandler.onERC1155Received
FNDA:0,TokenCallbackHandler.onERC1155Received
DA:45,0
FN:48,TokenCallbackHandler.onERC1155BatchReceived
FNDA:0,TokenCallbackHandler.onERC1155BatchReceived
DA:55,0
FN:58,TokenCallbackHandler.supportsInterface
FNDA:0,TokenCallbackHandler.supportsInterface
DA:61,0
DA:62,0
DA:63,0
DA:64,0
FNF:5
FNH:0
LF:7
LH:0
BRF:0
BRH:0
end_of_record
TN:
SF:src/helpers/UserOperationHelper.sol
FN:14,CustomUserOperationLib.getSender
FNDA:0,CustomUserOperationLib.getSender
DA:15,0
DA:18,0
DA:20,0
FN:25,CustomUserOperationLib.gasPrice
FNDA:0,CustomUserOperationLib.gasPrice
DA:27,0
DA:28,0
DA:29,0
BRDA:29,0,0,-
BRDA:29,0,1,-
DA:31,0
DA:33,0
FN:37,CustomUserOperationLib.pack
FNDA:0,CustomUserOperationLib.pack
DA:38,0
DA:39,0
DA:40,0
DA:41,0
DA:42,0
DA:43,0
DA:44,0
DA:45,0
DA:46,0
DA:47,0
DA:49,0
FN:63,CustomUserOperationLib.packWithoutNonce
FNDA:0,CustomUserOperationLib.packWithoutNonce
DA:64,0
DA:65,0
DA:66,0
DA:67,0
DA:68,0
DA:69,0
DA:70,0
DA:71,0
DA:72,0
DA:74,0
FN:87,CustomUserOperationLib.hash
FNDA:0,CustomUserOperationLib.hash
DA:88,0
FN:91,CustomUserOperationLib.hashWithoutNonce
FNDA:0,CustomUserOperationLib.hashWithoutNonce
DA:92,0
FN:95,CustomUserOperationLib.min
FNDA:0,CustomUserOperationLib.min
DA:96,0
FNF:7
FNH:0
LF:32
LH:0
BRF:2
BRH:0
end_of_record
TN:
SF:src/registry/EpochRegistry.sol
FN:31,EpochRegistry.addTask
FNDA:7,EpochRegistry.addTask
DA:39,7
BRDA:39,0,0,-
BRDA:39,0,1,7
DA:43,7
BRDA:43,1,0,-
BRDA:43,1,1,2
DA:44,2
BRDA:44,2,0,-
BRDA:44,2,1,2
DA:45,2
BRDA:45,3,0,-
BRDA:45,3,1,2
DA:47,5
BRDA:47,4,0,-
BRDA:47,4,1,5
DA:49,7
DA:59,7
DA:60,7
BRDA:60,5,0,5
BRDA:60,5,1,2
DA:61,5
DA:62,5
DA:63,5
DA:64,2
BRDA:64,6,0,-
BRDA:64,6,1,2
DA:65,2
DA:66,2
DA:67,2
DA:69,7
BRDA:69,7,0,1
BRDA:69,7,1,7
DA:70,1
DA:71,1
DA:72,1
DA:74,7
DA:75,7
DA:76,7
FN:79,EpochRegistry.verifyTransaction
FNDA:0,EpochRegistry.verifyTransaction
DA:80,0
BRDA:80,8,0,-
BRDA:80,8,1,-
DA:81,0
DA:82,0
DA:83,0
DA:84,0
DA:85,0
BRDA:85,9,0,-
BRDA:85,9,1,-
DA:86,0
DA:87,0
BRDA:87,10,0,-
BRDA:87,10,1,-
DA:88,0
BRDA:88,11,0,-
BRDA:88,11,1,-
DA:89,0
DA:90,0
DA:91,0
BRDA:91,12,0,-
BRDA:91,12,1,-
DA:96,0
BRDA:96,13,0,-
BRDA:96,13,1,-
DA:97,0
DA:99,0
BRDA:99,14,0,-
BRDA:99,14,1,-
DA:102,0
BRDA:102,15,0,-
BRDA:102,15,1,-
DA:103,0
DA:104,0
BRDA:104,16,0,-
BRDA:104,16,1,-
DA:105,0
BRDA:105,17,0,-
BRDA:105,17,1,-
DA:106,0
BRDA:106,18,0,-
BRDA:106,18,1,-
DA:107,0
DA:108,0
DA:109,0
BRDA:109,19,0,-
BRDA:109,19,1,-
DA:112,0
FN:115,EpochRegistry._checkOnChainCondition
FNDA:0,EpochRegistry._checkOnChainCondition
DA:116,0
DA:117,0
BRDA:117,20,0,-
BRDA:117,20,1,-
DA:118,0
FN:121,EpochRegistry.processTransaction
FNDA:4,EpochRegistry.processTransaction
DA:125,4
BRDA:125,21,0,-
BRDA:125,21,1,4
DA:126,4
BRDA:126,22,0,-
BRDA:126,22,1,4
DA:128,4
DA:129,4
DA:131,4
BRDA:131,23,0,-
BRDA:131,23,1,-
DA:132,1
DA:133,1
DA:135,4
DA:136,4
DA:137,4
DA:140,4
FN:143,EpochRegistry._fetchData
FNDA:1,EpochRegistry._fetchData
DA:144,1
DA:145,1
BRDA:145,24,0,-
BRDA:145,24,1,1
DA:146,1
DA:147,1
DA:148,1
DA:149,1
FN:152,EpochRegistry.processBatchTransaction
FNDA:2,EpochRegistry.processBatchTransaction
DA:158,2
BRDA:158,25,0,-
BRDA:158,25,1,2
DA:159,2
BRDA:159,26,0,-
BRDA:159,26,1,2
DA:161,2
DA:162,2
DA:163,2
DA:164,2
DA:168,2
FNF:6
FNH:4
LF:73
LH:46
BRF:54
BRH:15
end_of_record
TN:
SF:src/registry/conditions/EqualityChecker.sol
FN:7,EqualityChecker.checkCondition
FNDA:0,EqualityChecker.checkCondition
DA:8,0
FNF:1
FNH:0
LF:1
LH:0
BRF:0
BRH:0
end_of_record
TN:
SF:src/wallet/EpochWallet.sol
FN:41,EpochWallet.entryPoint
FNDA:0,EpochWallet.entryPoint
DA:42,16
FN:45,EpochWallet.epochRegistry
FNDA:0,EpochWallet.epochRegistry
DA:46,0
FN:57,EpochWallet._onlyOwner
FNDA:0,EpochWallet._onlyOwner
DA:59,0
BRDA:59,0,0,-
BRDA:59,0,1,-
FN:65,EpochWallet.execute
FNDA:2,EpochWallet.execute
DA:66,2
DA:67,1
FN:73,EpochWallet.executeEpoch
FNDA:4,EpochWallet.executeEpoch
DA:74,4
DA:76,4
DA:77,4
DA:78,4
DA:79,4
FN:85,EpochWallet.executeBatch
FNDA:0,EpochWallet.executeBatch
DA:86,0
DA:88,0
BRDA:88,1,0,-
BRDA:88,1,1,-
DA:89,0
DA:90,0
FN:97,EpochWallet.executeBatchEpoch
FNDA:2,EpochWallet.executeBatchEpoch
DA:103,2
DA:104,2
BRDA:104,2,0,-
BRDA:104,2,1,2
DA:105,2
DA:106,2
DA:107,2
DA:109,2
DA:110,3
FN:119,EpochWallet.initialize
FNDA:5,EpochWallet.initialize
DA:120,5
FN:123,EpochWallet._initialize
FNDA:5,EpochWallet._initialize
DA:124,5
DA:125,5
DA:126,5
FN:130,EpochWallet._requireFromEntryPointOrOwner
FNDA:4,EpochWallet._requireFromEntryPointOrOwner
DA:131,4
BRDA:131,3,0,1
BRDA:131,3,1,3
FN:135,EpochWallet._requireEpochVerification
FNDA:6,EpochWallet._requireEpochVerification
DA:136,6
BRDA:136,4,0,-
BRDA:136,4,1,6
FN:140,EpochWallet._validateSignature
FNDA:8,EpochWallet._validateSignature
DA:146,8
DA:148,8
BRDA:148,5,0,-
BRDA:148,5,1,-
DA:149,0
DA:150,0
DA:151,0
DA:152,0
BRDA:152,6,0,-
BRDA:152,6,1,-
DA:153,0
DA:154,0
BRDA:154,7,0,-
BRDA:154,7,1,-
DA:155,0
DA:157,0
DA:159,0
DA:160,0
BRDA:160,8,0,-
BRDA:160,8,1,-
DA:161,0
DA:163,8
DA:164,8
DA:165,8
BRDA:165,9,0,1
BRDA:165,9,1,7
DA:166,7
FN:170,EpochWallet._call
FNDA:8,EpochWallet._call
DA:171,8
DA:172,8
BRDA:172,10,0,-
BRDA:172,10,1,8
FN:182,EpochWallet.getDeposit
FNDA:0,EpochWallet.getDeposit
DA:183,0
FN:189,EpochWallet.addDeposit
FNDA:0,EpochWallet.addDeposit
DA:190,0
FN:198,EpochWallet.withdrawDepositTo
FNDA:0,EpochWallet.withdrawDepositTo
DA:199,0
FN:202,EpochWallet._authorizeUpgrade
FNDA:0,EpochWallet._authorizeUpgrade
DA:204,0
FN:207,EpochWallet.updateRegistry
FNDA:0,EpochWallet.updateRegistry
DA:208,0
DA:209,0
BRDA:209,11,0,-
BRDA:209,11,1,-
DA:210,0
FNF:18
FNH:9
LF:53
LH:29
BRF:24
BRH:7
end_of_record
TN:
SF:src/wallet/EpochWalletFactory.sol
FN:32,EpochWalletFactory.createAccount
FNDA:5,EpochWalletFactory.createAccount
DA:33,5
DA:34,5
DA:35,5
BRDA:35,0,0,-
BRDA:35,0,1,5
DA:36,0
DA:38,5
FN:54,EpochWalletFactory.getAddress
FNDA:0,EpochWalletFactory.getAddress
DA:55,5
FN:68,EpochWalletFactory.updateRegistry
FNDA:0,EpochWalletFactory.updateRegistry
DA:69,0
BRDA:69,1,0,-
BRDA:69,1,1,-
DA:70,0
FNF:3
FNH:1
LF:8
LH:5
BRF:4
BRH:1
end_of_record
TN:
SF:test/DummyData.sol
FN:5,DummyData.returnDummyData
FNDA:1,DummyData.returnDummyData
DA:6,1
FNF:1
FNH:1
LF:1
LH:1
BRF:0
BRH:0
end_of_record
